Build started 4/5/2018 12:18:37 PM.
     1>Project "C:\Users\LRodriguez\Documents\GitHub\Plantilla_de_Funciones\Plantilla de Funciones\Plantilla de Funciones\Plantilla de Funciones.vcxproj" on node 2 (Build target(s)).
     1>ClCompile:
         C:\Program Files (x86)\Microsoft Visual Studio 11.0\VC\bin\CL.exe /c /ZI /nologo /W3 /WX- /sdl /Od /Oy- /D WIN32 /D _DEBUG /D _CONSOLE /D _UNICODE /D UNICODE /Gm /EHsc /RTC1 /MDd /GS /fp:precise /Zc:wchar_t /Zc:forScope /Yu"stdafx.h" /Fp"Debug\Plantilla de Funciones.pch" /Fo"Debug\\" /Fd"Debug\vc110.pdb" /Gd /TP /analyze- /errorReport:prompt "Plantilla de Funciones.cpp"
         Plantilla de Funciones.cpp
     1>c:\users\lrodriguez\documents\github\plantilla_de_funciones\plantilla de funciones\plantilla de funciones\plantilla de funciones.cpp(44): error C2668: 'min' : ambiguous call to overloaded function
                 c:\users\lrodriguez\documents\github\plantilla_de_funciones\plantilla de funciones\plantilla de funciones\plantilla de funciones.cpp(33): could be 'T min<int>(T,T)'
                 with
                 [
                     T=int
                 ]
                 c:\program files (x86)\microsoft visual studio 11.0\vc\include\xutility(2048): or       'const _Ty &std::min<int>(const _Ty &,const _Ty &)'
                 with
                 [
                     _Ty=int
                 ]
                 while trying to match the argument list '(int, int)'
     1>c:\users\lrodriguez\documents\github\plantilla_de_funciones\plantilla de funciones\plantilla de funciones\plantilla de funciones.cpp(47): error C2668: 'min' : ambiguous call to overloaded function
                 c:\users\lrodriguez\documents\github\plantilla_de_funciones\plantilla de funciones\plantilla de funciones\plantilla de funciones.cpp(33): could be 'T min<long>(T,T)'
                 with
                 [
                     T=long
                 ]
                 c:\program files (x86)\microsoft visual studio 11.0\vc\include\xutility(2048): or       'const _Ty &std::min<long>(const _Ty &,const _Ty &)'
                 with
                 [
                     _Ty=long
                 ]
                 while trying to match the argument list '(long, long)'
     1>c:\users\lrodriguez\documents\github\plantilla_de_funciones\plantilla de funciones\plantilla de funciones\plantilla de funciones.cpp(50): error C2668: 'min' : ambiguous call to overloaded function
                 c:\users\lrodriguez\documents\github\plantilla_de_funciones\plantilla de funciones\plantilla de funciones\plantilla de funciones.cpp(33): could be 'T min<double>(T,T)'
                 with
                 [
                     T=double
                 ]
                 c:\program files (x86)\microsoft visual studio 11.0\vc\include\xutility(2048): or       'const _Ty &std::min<double>(const _Ty &,const _Ty &)'
                 with
                 [
                     _Ty=double
                 ]
                 while trying to match the argument list '(double, double)'
     1>Done Building Project "C:\Users\LRodriguez\Documents\GitHub\Plantilla_de_Funciones\Plantilla de Funciones\Plantilla de Funciones\Plantilla de Funciones.vcxproj" (Build target(s)) -- FAILED.

Build FAILED.

Time Elapsed 00:00:00.43
